/*C2*/SET SCHEMA PUBLIC
CREATE TABLE IF NOT EXISTS AL_CONFIGURATION ( PROPERTY_NAME VARCHAR(255) NOT NULL UNIQUE , PROPERTY_VALUE LONGVARCHAR ) 
CREATE TABLE IF NOT EXISTS AL_GROUPS ( GROUP_NAME VARCHAR(255) NOT NULL PRIMARY KEY , DESCRIPTION LONGVARCHAR ) 
CREATE TABLE IF NOT EXISTS AL_TABLES ( TABLE_NAME VARCHAR(255) NOT NULL PRIMARY KEY , GROUP_NAME VARCHAR(255) , DESCRIPTION LONGVARCHAR ) 
CREATE TABLE IF NOT EXISTS AL_CUSTOM_TYPE ( TABLE_NAME VARCHAR(255) , COLUMN_NAME VARCHAR(255) , TYPE VARCHAR(255) , NAME VARCHAR(255) ) 
CREATE TABLE IF NOT EXISTS AL_VIEWS ( VIEW_NAME VARCHAR(255) NOT NULL UNIQUE , VIEW_DEFINITION LONGVARCHAR , IS_VALID BOOLEAN ) 
CREATE TABLE IF NOT EXISTS AL_SELECTED_LOG_OBJECTS ( NAME VARCHAR(255) NOT NULL UNIQUE , TYPE VARCHAR(255) ) 
CREATE TABLE IF NOT EXISTS AL_DB_OBJECTS ( NAME VARCHAR(255) NOT NULL UNIQUE , TYPE VARCHAR(255) , USAGE VARCHAR(255) ) 
DROP TABLE cutting_and_fileting CASCADE 
DELETE FROM AL_TABLES WHERE TABLE_NAME='cutting_and_fileting'
COMMIT
DROP TABLE production_plan CASCADE 
DELETE FROM AL_TABLES WHERE TABLE_NAME='production_plan'
COMMIT
DROP TABLE freezing CASCADE 
DELETE FROM AL_TABLES WHERE TABLE_NAME='freezing'
COMMIT
DROP TABLE parameters_of_fish_process CASCADE 
DELETE FROM AL_TABLES WHERE TABLE_NAME='parameters_of_fish_process'
COMMIT
DROP TABLE trimming_data CASCADE 
DELETE FROM AL_TABLES WHERE TABLE_NAME='trimming_data'
COMMIT
CREATE TABLE cutting_and_fileting ( al_id INT IDENTITY , db_1_12_db DOUBLE NULL ) 
INSERT INTO AL_TABLES VALUES('cutting_and_fileting',NULL,'')
COMMIT
CREATE TABLE production_plan ( al_id INT IDENTITY , arrival_time TIMESTAMP NULL , number_of_boxes INTEGER NULL , average_number_of_fish_in_box INTEGER NULL , type_of_fish LONGVARCHAR NULL , appropirate_fish INTEGER NULL , final_product_type LONGVARCHAR NULL , packing_box_type LONGVARCHAR NULL , fish_coefficient DOUBLE NULL ) 
INSERT INTO AL_TABLES VALUES('production_plan',NULL,'')
COMMIT
CREATE TABLE freezing ( al_id INT IDENTITY , db_9_595068635_db DOUBLE NULL ) 
INSERT INTO AL_TABLES VALUES('freezing',NULL,'')
COMMIT
CREATE TABLE parameters_of_fish_process ( al_id INT IDENTITY , data_fish_processing_case LONGVARCHAR NULL , db_column LONGVARCHAR NULL , db_1_db LONGVARCHAR NULL , db_1_1_db LONGVARCHAR NULL ) 
INSERT INTO AL_TABLES VALUES('parameters_of_fish_process',NULL,'')
COMMIT
CREATE TABLE trimming_data ( al_id INT IDENTITY , db_0_51_db DOUBLE NULL ) 
INSERT INTO AL_TABLES VALUES('trimming_data',NULL,'')
COMMIT
/*C3*/SET SCHEMA PUBLIC
INSERT INTO CUTTING_AND_FILETING VALUES(0,0.26E0)
INSERT INTO CUTTING_AND_FILETING VALUES(1,0.41E0)
INSERT INTO CUTTING_AND_FILETING VALUES(2,0.9E0)
INSERT INTO CUTTING_AND_FILETING VALUES(3,1.45E0)
INSERT INTO CUTTING_AND_FILETING VALUES(4,0.67E0)
INSERT INTO CUTTING_AND_FILETING VALUES(5,1.51E0)
INSERT INTO CUTTING_AND_FILETING VALUES(6,0.35E0)
INSERT INTO CUTTING_AND_FILETING VALUES(7,1.12E0)
INSERT INTO CUTTING_AND_FILETING VALUES(8,0.37E0)
INSERT INTO CUTTING_AND_FILETING VALUES(9,0.67E0)
INSERT INTO CUTTING_AND_FILETING VALUES(10,1.61E0)
INSERT INTO CUTTING_AND_FILETING VALUES(11,0.57E0)
INSERT INTO CUTTING_AND_FILETING VALUES(12,0.67E0)
INSERT INTO CUTTING_AND_FILETING VALUES(13,0.81E0)
INSERT INTO CUTTING_AND_FILETING VALUES(14,0.41E0)
INSERT INTO CUTTING_AND_FILETING VALUES(15,0.61E0)
INSERT INTO CUTTING_AND_FILETING VALUES(16,0.5E0)
INSERT INTO CUTTING_AND_FILETING VALUES(17,1.26E0)
INSERT INTO CUTTING_AND_FILETING VALUES(18,1.1E0)
INSERT INTO CUTTING_AND_FILETING VALUES(19,1.2E0)
INSERT INTO CUTTING_AND_FILETING VALUES(20,0.42E0)
INSERT INTO CUTTING_AND_FILETING VALUES(21,0.31E0)
INSERT INTO CUTTING_AND_FILETING VALUES(22,0.47E0)
INSERT INTO CUTTING_AND_FILETING VALUES(23,0.66E0)
INSERT INTO CUTTING_AND_FILETING VALUES(24,0.78E0)
INSERT INTO CUTTING_AND_FILETING VALUES(25,1.53E0)
INSERT INTO CUTTING_AND_FILETING VALUES(26,1.2E0)
INSERT INTO CUTTING_AND_FILETING VALUES(27,1.59E0)
INSERT INTO CUTTING_AND_FILETING VALUES(28,1.74E0)
INSERT INTO CUTTING_AND_FILETING VALUES(29,0.84E0)
INSERT INTO CUTTING_AND_FILETING VALUES(30,0.69E0)
INSERT INTO CUTTING_AND_FILETING VALUES(31,0.36E0)
INSERT INTO CUTTING_AND_FILETING VALUES(32,2.84E0)
INSERT INTO CUTTING_AND_FILETING VALUES(33,0.51E0)
INSERT INTO CUTTING_AND_FILETING VALUES(34,1.11E0)
INSERT INTO CUTTING_AND_FILETING VALUES(35,0.86E0)
INSERT INTO CUTTING_AND_FILETING VALUES(36,0.75E0)
INSERT INTO CUTTING_AND_FILETING VALUES(37,0.48E0)
INSERT INTO CUTTING_AND_FILETING VALUES(38,1.18E0)
INSERT INTO CUTTING_AND_FILETING VALUES(39,0.6E0)
INSERT INTO CUTTING_AND_FILETING VALUES(40,1.45E0)
INSERT INTO CUTTING_AND_FILETING VALUES(41,1.12E0)
INSERT INTO CUTTING_AND_FILETING VALUES(42,2.21E0)
INSERT INTO CUTTING_AND_FILETING VALUES(43,0.89E0)
INSERT INTO CUTTING_AND_FILETING VALUES(44,0.61E0)
INSERT INTO CUTTING_AND_FILETING VALUES(45,0.79E0)
INSERT INTO CUTTING_AND_FILETING VALUES(46,1.54E0)
INSERT INTO CUTTING_AND_FILETING VALUES(47,1.0E0)
INSERT INTO CUTTING_AND_FILETING VALUES(48,0.48E0)
INSERT INTO CUTTING_AND_FILETING VALUES(49,0.79E0)
INSERT INTO CUTTING_AND_FILETING VALUES(50,0.8E0)
INSERT INTO CUTTING_AND_FILETING VALUES(51,0.61E0)
INSERT INTO CUTTING_AND_FILETING VALUES(52,1.99E0)
INSERT INTO CUTTING_AND_FILETING VALUES(53,1.24E0)
INSERT INTO CUTTING_AND_FILETING VALUES(54,1.21E0)
INSERT INTO CUTTING_AND_FILETING VALUES(55,0.98E0)
INSERT INTO CUTTING_AND_FILETING VALUES(56,0.3E0)
INSERT INTO CUTTING_AND_FILETING VALUES(57,1.58E0)
INSERT INTO CUTTING_AND_FILETING VALUES(58,0.96E0)
INSERT INTO CUTTING_AND_FILETING VALUES(59,1.77E0)
INSERT INTO CUTTING_AND_FILETING VALUES(60,0.89E0)
INSERT INTO CUTTING_AND_FILETING VALUES(61,0.5E0)
INSERT INTO CUTTING_AND_FILETING VALUES(62,1.47E0)
INSERT INTO CUTTING_AND_FILETING VALUES(63,0.18E0)
INSERT INTO CUTTING_AND_FILETING VALUES(64,0.43E0)
INSERT INTO CUTTING_AND_FILETING VALUES(65,0.55E0)
INSERT INTO CUTTING_AND_FILETING VALUES(66,0.27E0)
INSERT INTO CUTTING_AND_FILETING VALUES(67,2.21E0)
INSERT INTO CUTTING_AND_FILETING VALUES(68,1.93E0)
INSERT INTO CUTTING_AND_FILETING VALUES(69,0.58E0)
INSERT INTO CUTTING_AND_FILETING VALUES(70,0.74E0)
INSERT INTO CUTTING_AND_FILETING VALUES(71,1.99E0)
INSERT INTO CUTTING_AND_FILETING VALUES(72,1.27E0)
INSERT INTO CUTTING_AND_FILETING VALUES(73,1.13E0)
INSERT INTO CUTTING_AND_FILETING VALUES(74,1.22E0)
INSERT INTO CUTTING_AND_FILETING VALUES(75,1.03E0)
INSERT INTO CUTTING_AND_FILETING VALUES(76,1.68E0)
INSERT INTO CUTTING_AND_FILETING VALUES(77,1.21E0)
INSERT INTO CUTTING_AND_FILETING VALUES(78,1.04E0)
INSERT INTO CUTTING_AND_FILETING VALUES(79,1.54E0)
INSERT INTO CUTTING_AND_FILETING VALUES(80,1.47E0)
INSERT INTO CUTTING_AND_FILETING VALUES(81,0.68E0)
INSERT INTO CUTTING_AND_FILETING VALUES(82,1.31E0)
INSERT INTO CUTTING_AND_FILETING VALUES(83,0.48E0)
INSERT INTO CUTTING_AND_FILETING VALUES(84,1.37E0)
INSERT INTO CUTTING_AND_FILETING VALUES(85,0.75E0)
INSERT INTO CUTTING_AND_FILETING VALUES(86,0.21E0)
INSERT INTO CUTTING_AND_FILETING VALUES(87,0.81E0)
INSERT INTO CUTTING_AND_FILETING VALUES(88,0.8E0)
INSERT INTO CUTTING_AND_FILETING VALUES(89,0.98E0)
INSERT INTO CUTTING_AND_FILETING VALUES(90,0.56E0)
INSERT INTO CUTTING_AND_FILETING VALUES(91,0.91E0)
INSERT INTO CUTTING_AND_FILETING VALUES(92,1.18E0)
INSERT INTO CUTTING_AND_FILETING VALUES(93,1.12E0)
INSERT INTO CUTTING_AND_FILETING VALUES(94,1.46E0)
INSERT INTO CUTTING_AND_FILETING VALUES(95,1.36E0)
INSERT INTO CUTTING_AND_FILETING VALUES(96,0.57E0)
INSERT INTO CUTTING_AND_FILETING VALUES(97,1.2E0)
INSERT INTO CUTTING_AND_FILETING VALUES(98,1.48E0)
INSERT INTO CUTTING_AND_FILETING VALUES(99,1.47E0)
INSERT INTO CUTTING_AND_FILETING VALUES(100,0.25E0)
INSERT INTO CUTTING_AND_FILETING VALUES(101,0.63E0)
INSERT INTO CUTTING_AND_FILETING VALUES(102,1.0E0)
INSERT INTO CUTTING_AND_FILETING VALUES(103,0.35E0)
INSERT INTO CUTTING_AND_FILETING VALUES(104,0.92E0)
INSERT INTO CUTTING_AND_FILETING VALUES(105,0.49E0)
INSERT INTO CUTTING_AND_FILETING VALUES(106,0.27E0)
INSERT INTO CUTTING_AND_FILETING VALUES(107,1.1E0)
INSERT INTO CUTTING_AND_FILETING VALUES(108,1.07E0)
INSERT INTO CUTTING_AND_FILETING VALUES(109,0.71E0)
INSERT INTO CUTTING_AND_FILETING VALUES(110,0.8E0)
INSERT INTO CUTTING_AND_FILETING VALUES(111,1.1E0)
INSERT INTO CUTTING_AND_FILETING VALUES(112,0.22E0)
INSERT INTO CUTTING_AND_FILETING VALUES(113,1.0E0)
INSERT INTO CUTTING_AND_FILETING VALUES(114,1.25E0)
INSERT INTO CUTTING_AND_FILETING VALUES(115,1.98E0)
INSERT INTO CUTTING_AND_FILETING VALUES(116,0.69E0)
INSERT INTO CUTTING_AND_FILETING VALUES(117,0.45E0)
INSERT INTO CUTTING_AND_FILETING VALUES(118,1.25E0)
INSERT INTO CUTTING_AND_FILETING VALUES(119,0.82E0)
INSERT INTO CUTTING_AND_FILETING VALUES(120,1.1E0)
INSERT INTO CUTTING_AND_FILETING VALUES(121,0.57E0)
INSERT INTO CUTTING_AND_FILETING VALUES(122,0.57E0)
INSERT INTO CUTTING_AND_FILETING VALUES(123,1.08E0)
INSERT INTO CUTTING_AND_FILETING VALUES(124,1.1E0)
INSERT INTO CUTTING_AND_FILETING VALUES(125,0.84E0)
INSERT INTO CUTTING_AND_FILETING VALUES(126,0.26E0)
INSERT INTO CUTTING_AND_FILETING VALUES(127,0.96E0)
INSERT INTO CUTTING_AND_FILETING VALUES(128,0.94E0)
INSERT INTO CUTTING_AND_FILETING VALUES(129,0.75E0)
INSERT INTO CUTTING_AND_FILETING VALUES(130,1.23E0)
INSERT INTO CUTTING_AND_FILETING VALUES(131,0.79E0)
INSERT INTO CUTTING_AND_FILETING VALUES(132,0.21E0)
INSERT INTO CUTTING_AND_FILETING VALUES(133,0.68E0)
INSERT INTO CUTTING_AND_FILETING VALUES(134,0.46E0)
INSERT INTO CUTTING_AND_FILETING VALUES(135,0.41E0)
INSERT INTO CUTTING_AND_FILETING VALUES(136,0.84E0)
INSERT INTO CUTTING_AND_FILETING VALUES(137,1.19E0)
INSERT INTO CUTTING_AND_FILETING VALUES(138,1.78E0)
INSERT INTO CUTTING_AND_FILETING VALUES(139,1.82E0)
INSERT INTO CUTTING_AND_FILETING VALUES(140,0.83E0)
INSERT INTO CUTTING_AND_FILETING VALUES(141,0.89E0)
INSERT INTO CUTTING_AND_FILETING VALUES(142,1.37E0)
INSERT INTO CUTTING_AND_FILETING VALUES(143,0.58E0)
INSERT INTO CUTTING_AND_FILETING VALUES(144,0.58E0)
INSERT INTO CUTTING_AND_FILETING VALUES(145,1.46E0)
INSERT INTO CUTTING_AND_FILETING VALUES(146,1.28E0)
INSERT INTO CUTTING_AND_FILETING VALUES(147,0.95E0)
INSERT INTO CUTTING_AND_FILETING VALUES(148,0.98E0)
INSERT INTO CUTTING_AND_FILETING VALUES(149,0.88E0)
INSERT INTO CUTTING_AND_FILETING VALUES(150,1.71E0)
INSERT INTO CUTTING_AND_FILETING VALUES(151,0.95E0)
INSERT INTO CUTTING_AND_FILETING VALUES(152,0.5E0)
INSERT INTO CUTTING_AND_FILETING VALUES(153,0.79E0)
INSERT INTO CUTTING_AND_FILETING VALUES(154,0.68E0)
INSERT INTO CUTTING_AND_FILETING VALUES(155,0.85E0)
INSERT INTO CUTTING_AND_FILETING VALUES(156,0.87E0)
INSERT INTO CUTTING_AND_FILETING VALUES(157,1.31E0)
INSERT INTO CUTTING_AND_FILETING VALUES(158,1.87E0)
INSERT INTO CUTTING_AND_FILETING VALUES(159,0.36E0)
INSERT INTO CUTTING_AND_FILETING VALUES(160,0.87E0)
INSERT INTO CUTTING_AND_FILETING VALUES(161,0.75E0)
INSERT INTO CUTTING_AND_FILETING VALUES(162,0.73E0)
INSERT INTO CUTTING_AND_FILETING VALUES(163,1.03E0)
INSERT INTO CUTTING_AND_FILETING VALUES(164,1.09E0)
INSERT INTO CUTTING_AND_FILETING VALUES(165,0.43E0)
INSERT INTO CUTTING_AND_FILETING VALUES(166,1.32E0)
INSERT INTO CUTTING_AND_FILETING VALUES(167,0.91E0)
INSERT INTO CUTTING_AND_FILETING VALUES(168,0.54E0)
INSERT INTO CUTTING_AND_FILETING VALUES(169,1.19E0)
INSERT INTO CUTTING_AND_FILETING VALUES(170,0.6E0)
INSERT INTO CUTTING_AND_FILETING VALUES(171,0.35E0)
INSERT INTO CUTTING_AND_FILETING VALUES(172,0.79E0)
INSERT INTO CUTTING_AND_FILETING VALUES(173,0.61E0)
INSERT INTO CUTTING_AND_FILETING VALUES(174,1.54E0)
INSERT INTO CUTTING_AND_FILETING VALUES(175,0.73E0)
INSERT INTO CUTTING_AND_FILETING VALUES(176,0.19E0)
INSERT INTO CUTTING_AND_FILETING VALUES(177,1.31E0)
INSERT INTO CUTTING_AND_FILETING VALUES(178,1.04E0)
INSERT INTO CUTTING_AND_FILETING VALUES(179,0.38E0)
INSERT INTO CUTTING_AND_FILETING VALUES(180,0.74E0)
INSERT INTO CUTTING_AND_FILETING VALUES(181,1.16E0)
INSERT INTO CUTTING_AND_FILETING VALUES(182,1.27E0)
INSERT INTO CUTTING_AND_FILETING VALUES(183,1.4E0)
INSERT INTO CUTTING_AND_FILETING VALUES(184,0.72E0)
INSERT INTO CUTTING_AND_FILETING VALUES(185,0.73E0)
INSERT INTO CUTTING_AND_FILETING VALUES(186,0.39E0)
INSERT INTO CUTTING_AND_FILETING VALUES(187,0.74E0)
INSERT INTO CUTTING_AND_FILETING VALUES(188,1.2E0)
INSERT INTO CUTTING_AND_FILETING VALUES(189,2.37E0)
INSERT INTO CUTTING_AND_FILETING VALUES(190,1.5E0)
INSERT INTO CUTTING_AND_FILETING VALUES(191,0.87E0)
INSERT INTO CUTTING_AND_FILETING VALUES(192,1.57E0)
INSERT INTO CUTTING_AND_FILETING VALUES(193,1.09E0)
INSERT INTO CUTTING_AND_FILETING VALUES(194,1.16E0)
INSERT INTO CUTTING_AND_FILETING VALUES(195,0.69E0)
INSERT INTO CUTTING_AND_FILETING VALUES(196,0.51E0)
INSERT INTO CUTTING_AND_FILETING VALUES(197,0.83E0)
INSERT INTO CUTTING_AND_FILETING VALUES(198,2.06E0)
COMMIT
INSERT INTO PRODUCTION_PLAN VALUES(0,'2023-06-13 01:22:00.000000',18,200,'Sardine',80,'Fresh','Large',0.005E0)
INSERT INTO PRODUCTION_PLAN VALUES(1,'2023-06-13 02:25:00.000000',20,110,'Tuna',90,'Frozen','Large',0.009E0)
INSERT INTO PRODUCTION_PLAN VALUES(2,'2023-06-13 02:36:00.000000',15,120,'Cod',90,'Fresh','Small',0.007E0)
INSERT INTO PRODUCTION_PLAN VALUES(3,'2023-06-13 03:30:00.000000',15,120,'Cod',90,'Fresh','Large',0.007E0)
INSERT INTO PRODUCTION_PLAN VALUES(4,'2023-06-13 03:40:00.000000',14,200,'Sardine',80,'Frozen','Large',0.005E0)
INSERT INTO PRODUCTION_PLAN VALUES(5,'2023-06-13 03:41:00.000000',16,100,'Tuna',80,'Fresh','Small',0.009E0)
INSERT INTO PRODUCTION_PLAN VALUES(6,'2023-06-13 03:46:00.000000',18,110,'Tuna',80,'Frozen','Large',0.009E0)
INSERT INTO PRODUCTION_PLAN VALUES(7,'2023-06-13 03:54:00.000000',20,120,'Cod',95,'Frozen','Large',0.007E0)
INSERT INTO PRODUCTION_PLAN VALUES(8,'2023-06-13 04:57:00.000000',18,200,'Sardine',95,'Fresh','Small',0.005E0)
INSERT INTO PRODUCTION_PLAN VALUES(9,'2023-06-13 05:32:00.000000',12,120,'Tuna',95,'Frozen','Large',0.009E0)
INSERT INTO PRODUCTION_PLAN VALUES(10,NULL,NULL,NULL,NULL,NULL,NULL,NULL,NULL)
INSERT INTO PRODUCTION_PLAN VALUES(11,NULL,NULL,NULL,NULL,NULL,NULL,NULL,NULL)
COMMIT
INSERT INTO FREEZING VALUES(0,24.8814941085875E0)
INSERT INTO FREEZING VALUES(1,13.717985469440464E0)
INSERT INTO FREEZING VALUES(2,17.025376594858244E0)
INSERT INTO FREEZING VALUES(3,14.55587565334281E0)
INSERT INTO FREEZING VALUES(4,11.87130649969913E0)
INSERT INTO FREEZING VALUES(5,9.856934896844905E0)
INSERT INTO FREEZING VALUES(6,12.411214386986103E0)
INSERT INTO FREEZING VALUES(7,15.160484993713908E0)
INSERT INTO FREEZING VALUES(8,13.374969542666804E0)
INSERT INTO FREEZING VALUES(9,9.703807821380906E0)
INSERT INTO FREEZING VALUES(10,11.19612946541747E0)
INSERT INTO FREEZING VALUES(11,9.246168277342804E0)
INSERT INTO FREEZING VALUES(12,6.877471181098372E0)
INSERT INTO FREEZING VALUES(13,17.567690095631406E0)
INSERT INTO FREEZING VALUES(14,14.122251316905022E0)
INSERT INTO FREEZING VALUES(15,21.3130802270025E0)
INSERT INTO FREEZING VALUES(16,13.503926796431188E0)
INSERT INTO FREEZING VALUES(17,9.829336280119605E0)
INSERT INTO FREEZING VALUES(18,11.704295987612568E0)
INSERT INTO FREEZING VALUES(19,8.341766745899804E0)
INSERT INTO FREEZING VALUES(20,5.210003594867885E0)
INSERT INTO FREEZING VALUES(21,15.769837348954752E0)
INSERT INTO FREEZING VALUES(22,15.110144461970776E0)
INSERT INTO FREEZING VALUES(23,9.00165972171817E0)
INSERT INTO FREEZING VALUES(24,15.776522135012783E0)
INSERT INTO FREEZING VALUES(25,7.463304003351368E0)
INSERT INTO FREEZING VALUES(26,13.889738996396773E0)
INSERT INTO FREEZING VALUES(27,16.287630872568116E0)
INSERT INTO FREEZING VALUES(28,14.167125785490498E0)
INSERT INTO FREEZING VALUES(29,16.546018317341805E0)
INSERT INTO FREEZING VALUES(30,8.91710399929434E0)
INSERT INTO FREEZING VALUES(31,8.734732121694833E0)
INSERT INTO FREEZING VALUES(32,18.106820364948362E0)
INSERT INTO FREEZING VALUES(33,15.747945811483078E0)
INSERT INTO FREEZING VALUES(34,21.146533557213843E0)
INSERT INTO FREEZING VALUES(35,10.147809492365923E0)
INSERT INTO FREEZING VALUES(36,11.12700332060922E0)
INSERT INTO FREEZING VALUES(37,14.012438926612958E0)
INSERT INTO FREEZING VALUES(38,8.83407622796949E0)
INSERT INTO FREEZING VALUES(39,10.5568180363625E0)
INSERT INTO FREEZING VALUES(40,15.00563442579005E0)
INSERT INTO FREEZING VALUES(41,17.816091288579628E0)
INSERT INTO FREEZING VALUES(42,18.32584487902932E0)
INSERT INTO FREEZING VALUES(43,10.890316419419833E0)
INSERT INTO FREEZING VALUES(44,9.789163899142295E0)
INSERT INTO FREEZING VALUES(45,8.256319718668237E0)
INSERT INTO FREEZING VALUES(46,10.37584255146794E0)
INSERT INTO FREEZING VALUES(47,8.130718500353396E0)
INSERT INTO FREEZING VALUES(48,15.975683284807019E0)
INSERT INTO FREEZING VALUES(49,11.96771748556057E0)
INSERT INTO FREEZING VALUES(50,13.568491825310048E0)
INSERT INTO FREEZING VALUES(51,15.951690814574249E0)
INSERT INTO FREEZING VALUES(52,14.37347194342874E0)
INSERT INTO FREEZING VALUES(53,5.70632542902603E0)
INSERT INTO FREEZING VALUES(54,15.675932020996697E0)
INSERT INTO FREEZING VALUES(55,18.768132152501494E0)
INSERT INTO FREEZING VALUES(56,13.237149263033643E0)
INSERT INTO FREEZING VALUES(57,9.503146005328745E0)
INSERT INTO FREEZING VALUES(58,10.447356119868346E0)
INSERT INTO FREEZING VALUES(59,14.00341673917137E0)
INSERT INTO FREEZING VALUES(60,11.641049726051278E0)
INSERT INTO FREEZING VALUES(61,12.228856151807122E0)
INSERT INTO FREEZING VALUES(62,10.805792529310565E0)
INSERT INTO FREEZING VALUES(63,14.1628693502862E0)
INSERT INTO FREEZING VALUES(64,12.014533725334331E0)
INSERT INTO FREEZING VALUES(65,17.2034647524124E0)
INSERT INTO FREEZING VALUES(66,12.80074642028194E0)
INSERT INTO FREEZING VALUES(67,13.625821823836304E0)
INSERT INTO FREEZING VALUES(68,10.443399817915633E0)
INSERT INTO FREEZING VALUES(69,9.437744241324253E0)
INSERT INTO FREEZING VALUES(70,15.093200575676747E0)
INSERT INTO FREEZING VALUES(71,10.145422068773769E0)
INSERT INTO FREEZING VALUES(72,9.831459950248245E0)
INSERT INTO FREEZING VALUES(73,11.06075572653208E0)
INSERT INTO FREEZING VALUES(74,7.94624251686036E0)
INSERT INTO FREEZING VALUES(75,13.803618943085894E0)
INSERT INTO FREEZING VALUES(76,13.49834704643581E0)
INSERT INTO FREEZING VALUES(77,8.544420355348848E0)
INSERT INTO FREEZING VALUES(78,17.509446054929867E0)
INSERT INTO FREEZING VALUES(79,16.73617546958849E0)
INSERT INTO FREEZING VALUES(80,11.030851540737785E0)
INSERT INTO FREEZING VALUES(81,13.302150849369355E0)
INSERT INTO FREEZING VALUES(82,17.854235496371984E0)
INSERT INTO FREEZING VALUES(83,12.850759533932433E0)
INSERT INTO FREEZING VALUES(84,5.58696334436535E0)
INSERT INTO FREEZING VALUES(85,13.809376044548117E0)
INSERT INTO FREEZING VALUES(86,12.949312379816547E0)
INSERT INTO FREEZING VALUES(87,10.803232301725075E0)
INSERT INTO FREEZING VALUES(88,13.167040863947477E0)
INSERT INTO FREEZING VALUES(89,17.35778781340923E0)
INSERT INTO FREEZING VALUES(90,8.469605321181007E0)
INSERT INTO FREEZING VALUES(91,18.20379069005139E0)
INSERT INTO FREEZING VALUES(92,8.417354850564152E0)
INSERT INTO FREEZING VALUES(93,13.760363375069574E0)
INSERT INTO FREEZING VALUES(94,17.149740900378674E0)
INSERT INTO FREEZING VALUES(95,12.998797986540012E0)
INSERT INTO FREEZING VALUES(96,11.941705937089864E0)
INSERT INTO FREEZING VALUES(97,16.383991836220957E0)
INSERT INTO FREEZING VALUES(98,22.1218113740906E0)
INSERT INTO FREEZING VALUES(99,17.72940734855365E0)
INSERT INTO FREEZING VALUES(100,12.8324389252811E0)
INSERT INTO FREEZING VALUES(101,6.7374908515485E0)
INSERT INTO FREEZING VALUES(102,8.772166923619807E0)
INSERT INTO FREEZING VALUES(103,26.190930010518E0)
INSERT INTO FREEZING VALUES(104,11.328101694118232E0)
INSERT INTO FREEZING VALUES(105,9.399681888055056E0)
INSERT INTO FREEZING VALUES(106,9.946824805694632E0)
INSERT INTO FREEZING VALUES(107,11.039669091871474E0)
INSERT INTO FREEZING VALUES(108,11.880797076912131E0)
INSERT INTO FREEZING VALUES(109,9.474078554660082E0)
INSERT INTO FREEZING VALUES(110,15.472941898507997E0)
INSERT INTO FREEZING VALUES(111,9.047661963733844E0)
INSERT INTO FREEZING VALUES(112,9.958334461145569E0)
INSERT INTO FREEZING VALUES(113,25.0370177025906E0)
INSERT INTO FREEZING VALUES(114,11.837014001968782E0)
INSERT INTO FREEZING VALUES(115,7.0994788378011435E0)
INSERT INTO FREEZING VALUES(116,7.716707417159341E0)
INSERT INTO FREEZING VALUES(117,11.816491254023276E0)
INSERT INTO FREEZING VALUES(118,7.841126292361878E0)
INSERT INTO FREEZING VALUES(119,13.146618160419166E0)
INSERT INTO FREEZING VALUES(120,14.685583240236156E0)
INSERT INTO FREEZING VALUES(121,11.83946509019006E0)
INSERT INTO FREEZING VALUES(122,8.27477336616721E0)
INSERT INTO FREEZING VALUES(123,17.811707524117082E0)
INSERT INTO FREEZING VALUES(124,7.725929693435319E0)
INSERT INTO FREEZING VALUES(125,14.60750312008895E0)
INSERT INTO FREEZING VALUES(126,14.556625986471772E0)
INSERT INTO FREEZING VALUES(127,9.258955772849731E0)
INSERT INTO FREEZING VALUES(128,6.459576555527747E0)
INSERT INTO FREEZING VALUES(129,11.51087374938652E0)
INSERT INTO FREEZING VALUES(130,10.33054516784614E0)
INSERT INTO FREEZING VALUES(131,10.222765498212539E0)
INSERT INTO FREEZING VALUES(132,4.23160557448864E0)
INSERT INTO FREEZING VALUES(133,12.67065229814034E0)
INSERT INTO FREEZING VALUES(134,13.328317011939362E0)
INSERT INTO FREEZING VALUES(135,7.460393620305695E0)
INSERT INTO FREEZING VALUES(136,15.926343197235838E0)
INSERT INTO FREEZING VALUES(137,15.290952008683234E0)
INSERT INTO FREEZING VALUES(138,29.6757998259272E0)
INSERT INTO FREEZING VALUES(139,17.766360118286684E0)
INSERT INTO FREEZING VALUES(140,5.14713932108134E0)
INSERT INTO FREEZING VALUES(141,18.752816261723638E0)
INSERT INTO FREEZING VALUES(142,12.587624526815489E0)
INSERT INTO FREEZING VALUES(143,15.950190148316324E0)
INSERT INTO FREEZING VALUES(144,17.43917849427089E0)
INSERT INTO FREEZING VALUES(145,16.554785846266896E0)
INSERT INTO FREEZING VALUES(146,8.036331140203401E0)
INSERT INTO FREEZING VALUES(147,7.687276168609969E0)
INSERT INTO FREEZING VALUES(148,7.541602402226999E0)
INSERT INTO FREEZING VALUES(149,11.70613316691015E0)
INSERT INTO FREEZING VALUES(150,14.013134690059815E0)
INSERT INTO FREEZING VALUES(151,9.666545823449269E0)
INSERT INTO FREEZING VALUES(152,10.694620444439352E0)
INSERT INTO FREEZING VALUES(153,8.564383764052764E0)
INSERT INTO FREEZING VALUES(154,18.269820005400106E0)
INSERT INTO FREEZING VALUES(155,22.7545861788094E0)
INSERT INTO FREEZING VALUES(156,12.164823177328799E0)
INSERT INTO FREEZING VALUES(157,11.50902747514192E0)
INSERT INTO FREEZING VALUES(158,19.3082865532487E0)
INSERT INTO FREEZING VALUES(159,12.4176763468422E0)
INSERT INTO FREEZING VALUES(160,16.017520041088574E0)
INSERT INTO FREEZING VALUES(161,8.541755535872653E0)
INSERT INTO FREEZING VALUES(162,8.499318513087928E0)
INSERT INTO FREEZING VALUES(163,7.107900758739561E0)
INSERT INTO FREEZING VALUES(164,17.76894308323972E0)
INSERT INTO FREEZING VALUES(165,10.280673025874421E0)
INSERT INTO FREEZING VALUES(166,10.178750502120238E0)
INSERT INTO FREEZING VALUES(167,16.82492396258749E0)
INSERT INTO FREEZING VALUES(168,12.558256942895241E0)
INSERT INTO FREEZING VALUES(169,7.190883055329323E0)
INSERT INTO FREEZING VALUES(170,10.398407115018927E0)
INSERT INTO FREEZING VALUES(171,13.083312781702261E0)
INSERT INTO FREEZING VALUES(172,11.443907654494978E0)
INSERT INTO FREEZING VALUES(173,7.219122865819372E0)
INSERT INTO FREEZING VALUES(174,16.437388270162046E0)
INSERT INTO FREEZING VALUES(175,16.383437044452876E0)
INSERT INTO FREEZING VALUES(176,20.0175316724926E0)
INSERT INTO FREEZING VALUES(177,5.99347109626978E0)
INSERT INTO FREEZING VALUES(178,11.577403286821209E0)
INSERT INTO FREEZING VALUES(179,11.294250301318243E0)
INSERT INTO FREEZING VALUES(180,20.986826287582517E0)
INSERT INTO FREEZING VALUES(181,18.14039890933782E0)
INSERT INTO FREEZING VALUES(182,12.863601599121466E0)
INSERT INTO FREEZING VALUES(183,12.49097252485808E0)
INSERT INTO FREEZING VALUES(184,9.150753188179806E0)
INSERT INTO FREEZING VALUES(185,34.5317024462856E0)
INSERT INTO FREEZING VALUES(186,14.993883754243143E0)
INSERT INTO FREEZING VALUES(187,12.78888660937082E0)
INSERT INTO FREEZING VALUES(188,10.911289367242716E0)
INSERT INTO FREEZING VALUES(189,15.179757186444476E0)
INSERT INTO FREEZING VALUES(190,11.8197711445391E0)
INSERT INTO FREEZING VALUES(191,17.279280230752192E0)
INSERT INTO FREEZING VALUES(192,14.736014721449465E0)
INSERT INTO FREEZING VALUES(193,10.968023646739312E0)
INSERT INTO FREEZING VALUES(194,17.32643753103912E0)
INSERT INTO FREEZING VALUES(195,12.416443981521297E0)
INSERT INTO FREEZING VALUES(196,7.795151335187256E0)
INSERT INTO FREEZING VALUES(197,10.264547684811987E0)
INSERT INTO FREEZING VALUES(198,14.484230208210647E0)
COMMIT
INSERT INTO PARAMETERS_OF_FISH_PROCESS VALUES(0,'\u00a0','CAPACITY','PROCESS TIME','unit')
INSERT INTO PARAMETERS_OF_FISH_PROCESS VALUES(1,'CAPACITY OF Tubs','\u00a0','\u00a0',NULL)
INSERT INTO PARAMETERS_OF_FISH_PROCESS VALUES(2,'Large Tub','400.0','-','fish')
INSERT INTO PARAMETERS_OF_FISH_PROCESS VALUES(3,'Small Tub','250.0','-','fish')
INSERT INTO PARAMETERS_OF_FISH_PROCESS VALUES(4,'COEFFICIENT','each type needs a different process time',NULL,NULL)
INSERT INTO PARAMETERS_OF_FISH_PROCESS VALUES(5,'Coefficient sardine fish','0.005','\u00a0',NULL)
INSERT INTO PARAMETERS_OF_FISH_PROCESS VALUES(6,'Coefficient cod fish','0.007',NULL,NULL)
INSERT INTO PARAMETERS_OF_FISH_PROCESS VALUES(7,'Coefficient tuna fish','0.009','\u00a0',NULL)
INSERT INTO PARAMETERS_OF_FISH_PROCESS VALUES(8,NULL,NULL,NULL,NULL)
INSERT INTO PARAMETERS_OF_FISH_PROCESS VALUES(9,'PROCESSES','CAPACITY','\u00a0',NULL)
INSERT INTO PARAMETERS_OF_FISH_PROCESS VALUES(10,'Cleaning ','-','0.013 * total fish * coefficient type of fish','[minutes]')
INSERT INTO PARAMETERS_OF_FISH_PROCESS VALUES(11,'Modern gutting','16 Boxes','1.5 * total fish * coefficient type of fish','[minutes]')
INSERT INTO PARAMETERS_OF_FISH_PROCESS VALUES(12,'Old gutting','8 Boxes','3 * total fish * coefficient type of fish','[minutes]')
INSERT INTO PARAMETERS_OF_FISH_PROCESS VALUES(13,'Cutting and Filleting',NULL,' total fish * coefficient type of fish*fitted distribution to be fitted','[minutes]')
INSERT INTO PARAMETERS_OF_FISH_PROCESS VALUES(14,'Trimming',' - ',' total fish * coefficient type of fish*fitted distribution to be fitted','[minutes]')
INSERT INTO PARAMETERS_OF_FISH_PROCESS VALUES(15,'Examining',NULL,'0.016 * total fish * coefficient type of fish','[minutes]')
INSERT INTO PARAMETERS_OF_FISH_PROCESS VALUES(16,'Weighting',' - ','Triangular (0.5,1,1.5)','[minutes]')
INSERT INTO PARAMETERS_OF_FISH_PROCESS VALUES(17,'Batching to tubs',' - ','1 for each tub','[minutes]')
INSERT INTO PARAMETERS_OF_FISH_PROCESS VALUES(18,'Freezing',NULL,'         40 * fitted distribution to be fitted','[minutes]')
INSERT INTO PARAMETERS_OF_FISH_PROCESS VALUES(19,NULL,NULL,NULL,NULL)
INSERT INTO PARAMETERS_OF_FISH_PROCESS VALUES(20,'STOCHASTICITY',NULL,NULL,NULL)
INSERT INTO PARAMETERS_OF_FISH_PROCESS VALUES(21,'Freezing','to be fitted',NULL,'[minutes]')
INSERT INTO PARAMETERS_OF_FISH_PROCESS VALUES(22,'Cut and Filleting','to be fitted',NULL,'[minutes]/Fish')
INSERT INTO PARAMETERS_OF_FISH_PROCESS VALUES(23,'Trimming','to be fitted',NULL,'[minutes]/Fish')
INSERT INTO PARAMETERS_OF_FISH_PROCESS VALUES(24,'Periodic cleaning of machines','to be fitted (Measurements are in second)',NULL,'[minutes]')
COMMIT
INSERT INTO TRIMMING_DATA VALUES(0,0.55E0)
INSERT INTO TRIMMING_DATA VALUES(1,0.46E0)
INSERT INTO TRIMMING_DATA VALUES(2,0.57E0)
INSERT INTO TRIMMING_DATA VALUES(3,0.46E0)
INSERT INTO TRIMMING_DATA VALUES(4,0.6E0)
INSERT INTO TRIMMING_DATA VALUES(5,0.67E0)
INSERT INTO TRIMMING_DATA VALUES(6,0.48E0)
INSERT INTO TRIMMING_DATA VALUES(7,0.66E0)
INSERT INTO TRIMMING_DATA VALUES(8,0.66E0)
INSERT INTO TRIMMING_DATA VALUES(9,0.45E0)
INSERT INTO TRIMMING_DATA VALUES(10,0.69E0)
INSERT INTO TRIMMING_DATA VALUES(11,0.57E0)
INSERT INTO TRIMMING_DATA VALUES(12,0.46E0)
INSERT INTO TRIMMING_DATA VALUES(13,0.73E0)
INSERT INTO TRIMMING_DATA VALUES(14,0.45E0)
INSERT INTO TRIMMING_DATA VALUES(15,0.49E0)
INSERT INTO TRIMMING_DATA VALUES(16,0.64E0)
INSERT INTO TRIMMING_DATA VALUES(17,0.68E0)
INSERT INTO TRIMMING_DATA VALUES(18,0.55E0)
INSERT INTO TRIMMING_DATA VALUES(19,0.49E0)
INSERT INTO TRIMMING_DATA VALUES(20,0.55E0)
INSERT INTO TRIMMING_DATA VALUES(21,0.68E0)
INSERT INTO TRIMMING_DATA VALUES(22,0.48E0)
INSERT INTO TRIMMING_DATA VALUES(23,0.5E0)
INSERT INTO TRIMMING_DATA VALUES(24,0.51E0)
INSERT INTO TRIMMING_DATA VALUES(25,0.45E0)
INSERT INTO TRIMMING_DATA VALUES(26,0.55E0)
INSERT INTO TRIMMING_DATA VALUES(27,0.45E0)
INSERT INTO TRIMMING_DATA VALUES(28,0.51E0)
INSERT INTO TRIMMING_DATA VALUES(29,0.46E0)
INSERT INTO TRIMMING_DATA VALUES(30,0.46E0)
INSERT INTO TRIMMING_DATA VALUES(31,0.53E0)
INSERT INTO TRIMMING_DATA VALUES(32,0.46E0)
INSERT INTO TRIMMING_DATA VALUES(33,0.57E0)
INSERT INTO TRIMMING_DATA VALUES(34,0.63E0)
INSERT INTO TRIMMING_DATA VALUES(35,0.49E0)
INSERT INTO TRIMMING_DATA VALUES(36,0.49E0)
INSERT INTO TRIMMING_DATA VALUES(37,0.46E0)
INSERT INTO TRIMMING_DATA VALUES(38,0.62E0)
INSERT INTO TRIMMING_DATA VALUES(39,0.5E0)
INSERT INTO TRIMMING_DATA VALUES(40,0.47E0)
INSERT INTO TRIMMING_DATA VALUES(41,0.65E0)
INSERT INTO TRIMMING_DATA VALUES(42,0.46E0)
INSERT INTO TRIMMING_DATA VALUES(43,0.47E0)
INSERT INTO TRIMMING_DATA VALUES(44,0.46E0)
INSERT INTO TRIMMING_DATA VALUES(45,0.64E0)
INSERT INTO TRIMMING_DATA VALUES(46,0.55E0)
INSERT INTO TRIMMING_DATA VALUES(47,0.47E0)
INSERT INTO TRIMMING_DATA VALUES(48,0.61E0)
INSERT INTO TRIMMING_DATA VALUES(49,0.54E0)
INSERT INTO TRIMMING_DATA VALUES(50,0.6E0)
INSERT INTO TRIMMING_DATA VALUES(51,0.46E0)
INSERT INTO TRIMMING_DATA VALUES(52,0.62E0)
INSERT INTO TRIMMING_DATA VALUES(53,0.52E0)
INSERT INTO TRIMMING_DATA VALUES(54,0.46E0)
INSERT INTO TRIMMING_DATA VALUES(55,0.52E0)
INSERT INTO TRIMMING_DATA VALUES(56,0.63E0)
INSERT INTO TRIMMING_DATA VALUES(57,0.48E0)
INSERT INTO TRIMMING_DATA VALUES(58,0.5E0)
INSERT INTO TRIMMING_DATA VALUES(59,0.46E0)
INSERT INTO TRIMMING_DATA VALUES(60,0.47E0)
INSERT INTO TRIMMING_DATA VALUES(61,0.46E0)
INSERT INTO TRIMMING_DATA VALUES(62,0.47E0)
INSERT INTO TRIMMING_DATA VALUES(63,0.63E0)
INSERT INTO TRIMMING_DATA VALUES(64,0.46E0)
INSERT INTO TRIMMING_DATA VALUES(65,0.51E0)
INSERT INTO TRIMMING_DATA VALUES(66,0.49E0)
INSERT INTO TRIMMING_DATA VALUES(67,0.67E0)
INSERT INTO TRIMMING_DATA VALUES(68,0.66E0)
INSERT INTO TRIMMING_DATA VALUES(69,0.52E0)
INSERT INTO TRIMMING_DATA VALUES(70,0.78E0)
INSERT INTO TRIMMING_DATA VALUES(71,0.51E0)
INSERT INTO TRIMMING_DATA VALUES(72,0.63E0)
INSERT INTO TRIMMING_DATA VALUES(73,0.56E0)
INSERT INTO TRIMMING_DATA VALUES(74,0.46E0)
INSERT INTO TRIMMING_DATA VALUES(75,0.46E0)
INSERT INTO TRIMMING_DATA VALUES(76,0.58E0)
INSERT INTO TRIMMING_DATA VALUES(77,0.53E0)
INSERT INTO TRIMMING_DATA VALUES(78,0.54E0)
INSERT INTO TRIMMING_DATA VALUES(79,0.46E0)
INSERT INTO TRIMMING_DATA VALUES(80,0.45E0)
INSERT INTO TRIMMING_DATA VALUES(81,0.72E0)
INSERT INTO TRIMMING_DATA VALUES(82,0.51E0)
INSERT INTO TRIMMING_DATA VALUES(83,0.59E0)
INSERT INTO TRIMMING_DATA VALUES(84,0.56E0)
INSERT INTO TRIMMING_DATA VALUES(85,0.52E0)
INSERT INTO TRIMMING_DATA VALUES(86,0.56E0)
INSERT INTO TRIMMING_DATA VALUES(87,0.48E0)
INSERT INTO TRIMMING_DATA VALUES(88,0.46E0)
INSERT INTO TRIMMING_DATA VALUES(89,0.6E0)
INSERT INTO TRIMMING_DATA VALUES(90,0.51E0)
INSERT INTO TRIMMING_DATA VALUES(91,0.54E0)
INSERT INTO TRIMMING_DATA VALUES(92,0.48E0)
INSERT INTO TRIMMING_DATA VALUES(93,0.56E0)
INSERT INTO TRIMMING_DATA VALUES(94,0.54E0)
INSERT INTO TRIMMING_DATA VALUES(95,0.56E0)
INSERT INTO TRIMMING_DATA VALUES(96,0.51E0)
INSERT INTO TRIMMING_DATA VALUES(97,0.67E0)
INSERT INTO TRIMMING_DATA VALUES(98,0.58E0)
INSERT INTO TRIMMING_DATA VALUES(99,0.68E0)
INSERT INTO TRIMMING_DATA VALUES(100,0.66E0)
INSERT INTO TRIMMING_DATA VALUES(101,0.63E0)
INSERT INTO TRIMMING_DATA VALUES(102,0.47E0)
INSERT INTO TRIMMING_DATA VALUES(103,0.51E0)
INSERT INTO TRIMMING_DATA VALUES(104,0.5E0)
INSERT INTO TRIMMING_DATA VALUES(105,0.5E0)
INSERT INTO TRIMMING_DATA VALUES(106,0.48E0)
INSERT INTO TRIMMING_DATA VALUES(107,0.49E0)
INSERT INTO TRIMMING_DATA VALUES(108,0.53E0)
INSERT INTO TRIMMING_DATA VALUES(109,0.55E0)
INSERT INTO TRIMMING_DATA VALUES(110,0.53E0)
INSERT INTO TRIMMING_DATA VALUES(111,0.55E0)
INSERT INTO TRIMMING_DATA VALUES(112,0.57E0)
INSERT INTO TRIMMING_DATA VALUES(113,0.54E0)
INSERT INTO TRIMMING_DATA VALUES(114,0.5E0)
INSERT INTO TRIMMING_DATA VALUES(115,0.48E0)
INSERT INTO TRIMMING_DATA VALUES(116,0.49E0)
INSERT INTO TRIMMING_DATA VALUES(117,0.53E0)
INSERT INTO TRIMMING_DATA VALUES(118,0.76E0)
INSERT INTO TRIMMING_DATA VALUES(119,0.48E0)
INSERT INTO TRIMMING_DATA VALUES(120,0.46E0)
INSERT INTO TRIMMING_DATA VALUES(121,0.51E0)
INSERT INTO TRIMMING_DATA VALUES(122,0.57E0)
INSERT INTO TRIMMING_DATA VALUES(123,0.51E0)
INSERT INTO TRIMMING_DATA VALUES(124,0.71E0)
INSERT INTO TRIMMING_DATA VALUES(125,0.46E0)
INSERT INTO TRIMMING_DATA VALUES(126,0.47E0)
INSERT INTO TRIMMING_DATA VALUES(127,0.49E0)
INSERT INTO TRIMMING_DATA VALUES(128,0.47E0)
INSERT INTO TRIMMING_DATA VALUES(129,0.56E0)
INSERT INTO TRIMMING_DATA VALUES(130,0.47E0)
INSERT INTO TRIMMING_DATA VALUES(131,0.55E0)
INSERT INTO TRIMMING_DATA VALUES(132,0.46E0)
INSERT INTO TRIMMING_DATA VALUES(133,0.49E0)
INSERT INTO TRIMMING_DATA VALUES(134,0.62E0)
INSERT INTO TRIMMING_DATA VALUES(135,0.51E0)
INSERT INTO TRIMMING_DATA VALUES(136,0.71E0)
INSERT INTO TRIMMING_DATA VALUES(137,0.5E0)
INSERT INTO TRIMMING_DATA VALUES(138,0.46E0)
INSERT INTO TRIMMING_DATA VALUES(139,0.54E0)
INSERT INTO TRIMMING_DATA VALUES(140,0.45E0)
INSERT INTO TRIMMING_DATA VALUES(141,0.48E0)
INSERT INTO TRIMMING_DATA VALUES(142,0.66E0)
INSERT INTO TRIMMING_DATA VALUES(143,0.48E0)
INSERT INTO TRIMMING_DATA VALUES(144,0.59E0)
INSERT INTO TRIMMING_DATA VALUES(145,0.52E0)
INSERT INTO TRIMMING_DATA VALUES(146,0.5E0)
INSERT INTO TRIMMING_DATA VALUES(147,0.49E0)
INSERT INTO TRIMMING_DATA VALUES(148,0.53E0)
INSERT INTO TRIMMING_DATA VALUES(149,0.67E0)
INSERT INTO TRIMMING_DATA VALUES(150,0.47E0)
INSERT INTO TRIMMING_DATA VALUES(151,0.51E0)
INSERT INTO TRIMMING_DATA VALUES(152,0.5E0)
INSERT INTO TRIMMING_DATA VALUES(153,0.48E0)
INSERT INTO TRIMMING_DATA VALUES(154,0.47E0)
INSERT INTO TRIMMING_DATA VALUES(155,0.51E0)
INSERT INTO TRIMMING_DATA VALUES(156,0.47E0)
INSERT INTO TRIMMING_DATA VALUES(157,0.53E0)
INSERT INTO TRIMMING_DATA VALUES(158,0.47E0)
INSERT INTO TRIMMING_DATA VALUES(159,0.61E0)
INSERT INTO TRIMMING_DATA VALUES(160,0.5E0)
INSERT INTO TRIMMING_DATA VALUES(161,0.58E0)
INSERT INTO TRIMMING_DATA VALUES(162,0.63E0)
INSERT INTO TRIMMING_DATA VALUES(163,0.52E0)
INSERT INTO TRIMMING_DATA VALUES(164,0.55E0)
INSERT INTO TRIMMING_DATA VALUES(165,0.52E0)
INSERT INTO TRIMMING_DATA VALUES(166,0.45E0)
INSERT INTO TRIMMING_DATA VALUES(167,0.51E0)
INSERT INTO TRIMMING_DATA VALUES(168,0.49E0)
INSERT INTO TRIMMING_DATA VALUES(169,0.54E0)
INSERT INTO TRIMMING_DATA VALUES(170,0.46E0)
INSERT INTO TRIMMING_DATA VALUES(171,0.56E0)
INSERT INTO TRIMMING_DATA VALUES(172,0.59E0)
INSERT INTO TRIMMING_DATA VALUES(173,0.46E0)
INSERT INTO TRIMMING_DATA VALUES(174,0.46E0)
INSERT INTO TRIMMING_DATA VALUES(175,0.5E0)
INSERT INTO TRIMMING_DATA VALUES(176,0.48E0)
INSERT INTO TRIMMING_DATA VALUES(177,0.47E0)
INSERT INTO TRIMMING_DATA VALUES(178,0.5E0)
INSERT INTO TRIMMING_DATA VALUES(179,0.57E0)
INSERT INTO TRIMMING_DATA VALUES(180,0.45E0)
INSERT INTO TRIMMING_DATA VALUES(181,0.54E0)
INSERT INTO TRIMMING_DATA VALUES(182,0.46E0)
INSERT INTO TRIMMING_DATA VALUES(183,0.52E0)
INSERT INTO TRIMMING_DATA VALUES(184,0.58E0)
INSERT INTO TRIMMING_DATA VALUES(185,0.78E0)
INSERT INTO TRIMMING_DATA VALUES(186,0.66E0)
INSERT INTO TRIMMING_DATA VALUES(187,0.58E0)
INSERT INTO TRIMMING_DATA VALUES(188,0.47E0)
INSERT INTO TRIMMING_DATA VALUES(189,0.59E0)
INSERT INTO TRIMMING_DATA VALUES(190,0.55E0)
INSERT INTO TRIMMING_DATA VALUES(191,0.46E0)
INSERT INTO TRIMMING_DATA VALUES(192,0.46E0)
INSERT INTO TRIMMING_DATA VALUES(193,0.47E0)
INSERT INTO TRIMMING_DATA VALUES(194,0.56E0)
INSERT INTO TRIMMING_DATA VALUES(195,0.54E0)
INSERT INTO TRIMMING_DATA VALUES(196,0.62E0)
INSERT INTO TRIMMING_DATA VALUES(197,0.59E0)
INSERT INTO TRIMMING_DATA VALUES(198,0.72E0)
INSERT INTO TRIMMING_DATA VALUES(199,0.48E0)
INSERT INTO TRIMMING_DATA VALUES(200,0.77E0)
INSERT INTO TRIMMING_DATA VALUES(201,0.58E0)
INSERT INTO TRIMMING_DATA VALUES(202,0.74E0)
INSERT INTO TRIMMING_DATA VALUES(203,0.5E0)
INSERT INTO TRIMMING_DATA VALUES(204,0.45E0)
INSERT INTO TRIMMING_DATA VALUES(205,0.76E0)
INSERT INTO TRIMMING_DATA VALUES(206,0.54E0)
INSERT INTO TRIMMING_DATA VALUES(207,0.74E0)
INSERT INTO TRIMMING_DATA VALUES(208,0.56E0)
INSERT INTO TRIMMING_DATA VALUES(209,0.53E0)
INSERT INTO TRIMMING_DATA VALUES(210,0.72E0)
INSERT INTO TRIMMING_DATA VALUES(211,0.54E0)
INSERT INTO TRIMMING_DATA VALUES(212,0.47E0)
INSERT INTO TRIMMING_DATA VALUES(213,0.45E0)
INSERT INTO TRIMMING_DATA VALUES(214,0.53E0)
INSERT INTO TRIMMING_DATA VALUES(215,0.51E0)
INSERT INTO TRIMMING_DATA VALUES(216,0.52E0)
INSERT INTO TRIMMING_DATA VALUES(217,0.49E0)
INSERT INTO TRIMMING_DATA VALUES(218,0.5E0)
INSERT INTO TRIMMING_DATA VALUES(219,0.47E0)
INSERT INTO TRIMMING_DATA VALUES(220,0.59E0)
INSERT INTO TRIMMING_DATA VALUES(221,0.5E0)
INSERT INTO TRIMMING_DATA VALUES(222,0.68E0)
INSERT INTO TRIMMING_DATA VALUES(223,0.71E0)
INSERT INTO TRIMMING_DATA VALUES(224,0.52E0)
INSERT INTO TRIMMING_DATA VALUES(225,0.48E0)
INSERT INTO TRIMMING_DATA VALUES(226,0.98E0)
INSERT INTO TRIMMING_DATA VALUES(227,0.62E0)
INSERT INTO TRIMMING_DATA VALUES(228,0.46E0)
INSERT INTO TRIMMING_DATA VALUES(229,0.5E0)
INSERT INTO TRIMMING_DATA VALUES(230,0.52E0)
INSERT INTO TRIMMING_DATA VALUES(231,0.55E0)
INSERT INTO TRIMMING_DATA VALUES(232,0.45E0)
INSERT INTO TRIMMING_DATA VALUES(233,0.45E0)
INSERT INTO TRIMMING_DATA VALUES(234,0.46E0)
INSERT INTO TRIMMING_DATA VALUES(235,0.52E0)
INSERT INTO TRIMMING_DATA VALUES(236,0.48E0)
INSERT INTO TRIMMING_DATA VALUES(237,0.53E0)
INSERT INTO TRIMMING_DATA VALUES(238,0.62E0)
INSERT INTO TRIMMING_DATA VALUES(239,0.53E0)
INSERT INTO TRIMMING_DATA VALUES(240,0.49E0)
INSERT INTO TRIMMING_DATA VALUES(241,0.53E0)
INSERT INTO TRIMMING_DATA VALUES(242,0.63E0)
INSERT INTO TRIMMING_DATA VALUES(243,0.48E0)
INSERT INTO TRIMMING_DATA VALUES(244,0.71E0)
INSERT INTO TRIMMING_DATA VALUES(245,0.49E0)
INSERT INTO TRIMMING_DATA VALUES(246,0.46E0)
INSERT INTO TRIMMING_DATA VALUES(247,0.53E0)
INSERT INTO TRIMMING_DATA VALUES(248,0.47E0)
INSERT INTO TRIMMING_DATA VALUES(249,0.55E0)
INSERT INTO TRIMMING_DATA VALUES(250,0.51E0)
INSERT INTO TRIMMING_DATA VALUES(251,0.55E0)
INSERT INTO TRIMMING_DATA VALUES(252,0.48E0)
INSERT INTO TRIMMING_DATA VALUES(253,0.67E0)
INSERT INTO TRIMMING_DATA VALUES(254,0.61E0)
INSERT INTO TRIMMING_DATA VALUES(255,0.53E0)
INSERT INTO TRIMMING_DATA VALUES(256,0.55E0)
INSERT INTO TRIMMING_DATA VALUES(257,0.52E0)
INSERT INTO TRIMMING_DATA VALUES(258,0.45E0)
INSERT INTO TRIMMING_DATA VALUES(259,0.53E0)
INSERT INTO TRIMMING_DATA VALUES(260,0.55E0)
INSERT INTO TRIMMING_DATA VALUES(261,0.5E0)
INSERT INTO TRIMMING_DATA VALUES(262,0.53E0)
INSERT INTO TRIMMING_DATA VALUES(263,0.78E0)
INSERT INTO TRIMMING_DATA VALUES(264,0.5E0)
INSERT INTO TRIMMING_DATA VALUES(265,0.52E0)
INSERT INTO TRIMMING_DATA VALUES(266,0.57E0)
INSERT INTO TRIMMING_DATA VALUES(267,0.73E0)
INSERT INTO TRIMMING_DATA VALUES(268,0.49E0)
INSERT INTO TRIMMING_DATA VALUES(269,0.49E0)
INSERT INTO TRIMMING_DATA VALUES(270,0.48E0)
INSERT INTO TRIMMING_DATA VALUES(271,0.5E0)
INSERT INTO TRIMMING_DATA VALUES(272,0.46E0)
INSERT INTO TRIMMING_DATA VALUES(273,0.58E0)
INSERT INTO TRIMMING_DATA VALUES(274,0.63E0)
INSERT INTO TRIMMING_DATA VALUES(275,0.59E0)
INSERT INTO TRIMMING_DATA VALUES(276,0.49E0)
INSERT INTO TRIMMING_DATA VALUES(277,0.54E0)
INSERT INTO TRIMMING_DATA VALUES(278,0.61E0)
INSERT INTO TRIMMING_DATA VALUES(279,0.66E0)
INSERT INTO TRIMMING_DATA VALUES(280,0.56E0)
INSERT INTO TRIMMING_DATA VALUES(281,0.48E0)
INSERT INTO TRIMMING_DATA VALUES(282,0.57E0)
INSERT INTO TRIMMING_DATA VALUES(283,0.52E0)
INSERT INTO TRIMMING_DATA VALUES(284,0.47E0)
INSERT INTO TRIMMING_DATA VALUES(285,0.46E0)
INSERT INTO TRIMMING_DATA VALUES(286,0.81E0)
INSERT INTO TRIMMING_DATA VALUES(287,0.48E0)
INSERT INTO TRIMMING_DATA VALUES(288,0.47E0)
INSERT INTO TRIMMING_DATA VALUES(289,0.48E0)
INSERT INTO TRIMMING_DATA VALUES(290,0.46E0)
INSERT INTO TRIMMING_DATA VALUES(291,0.58E0)
INSERT INTO TRIMMING_DATA VALUES(292,0.5E0)
INSERT INTO TRIMMING_DATA VALUES(293,0.5E0)
INSERT INTO TRIMMING_DATA VALUES(294,0.46E0)
INSERT INTO TRIMMING_DATA VALUES(295,0.52E0)
INSERT INTO TRIMMING_DATA VALUES(296,0.48E0)
INSERT INTO TRIMMING_DATA VALUES(297,0.49E0)
INSERT INTO TRIMMING_DATA VALUES(298,0.54E0)
COMMIT
DISCONNECT
/*C2*/DISCONNECT
